<?xml version="1.0" encoding="UTF-8"?>
<!-- Generated by org.testng.reporters.JUnitReportReporter -->
<testsuite hostname="DESKTOP-KPQ952O" failures="0" tests="1" name="com.herokuappqa.tests.DragAndDropTest" time="4.227" errors="0" timestamp="2024-04-21T16:26:21 CEST" skipped="0">
  <testcase classname="com.herokuappqa.tests.DragAndDropTest" name="actionDragMeTest" time="4.227"/>
</testsuite> <!-- com.herokuappqa.tests.DragAndDropTest -->
